2023-02-22 15:17:03,801:INFO:PyCaret Supervised Module
2023-02-22 15:17:03,802:INFO:ML Usecase: regression
2023-02-22 15:17:03,802:INFO:version 2.3.10
2023-02-22 15:17:03,802:INFO:Initializing setup()
2023-02-22 15:17:03,802:INFO:setup(target=charges, ml_usecase=regression, available_plots={'parameter': 'Hyperparameters', 'residuals': 'Residuals', 'error': 'Prediction Error', 'cooks': 'Cooks Distance', 'rfe': 'Feature Selection', 'learning': 'Learning Curve', 'manifold': 'Manifold Learning', 'vc': 'Validation Curve', 'feature': 'Feature Importance', 'feature_all': 'Feature Importance (All)', 'tree': 'Decision Tree', 'residuals_interactive': 'Interactive Residuals'}, train_size=0.7, test_data=None, preprocess=True, imputation_type=simple, iterative_imputation_iters=5, categorical_features=None, categorical_imputation=constant, categorical_iterative_imputer=lightgbm, ordinal_features=None, high_cardinality_features=None, high_cardinality_method=frequency, numeric_features=None, numeric_imputation=mean, numeric_iterative_imputer=lightgbm, date_features=None, ignore_features=None, normalize=False, normalize_method=zscore, transformation=False, transformation_method=yeo-johnson, handle_unknown_categorical=True, unknown_categorical_method=least_frequent, pca=False, pca_method=linear, pca_components=None, ignore_low_variance=False, combine_rare_levels=False, rare_level_threshold=0.1, bin_numeric_features=None, remove_outliers=False, outliers_threshold=0.05, remove_multicollinearity=False, multicollinearity_threshold=0.9, remove_perfect_collinearity=True, create_clusters=False, cluster_iter=20, polynomial_features=False, polynomial_degree=2, trigonometry_features=False, polynomial_threshold=0.1, group_features=None, group_names=None, feature_selection=False, feature_selection_threshold=0.8, feature_selection_method=classic, feature_interaction=False, feature_ratio=False, interaction_threshold=0.01, fix_imbalance=False, fix_imbalance_method=None, transform_target=False, transform_target_method=box-cox, data_split_shuffle=True, data_split_stratify=False, fold_strategy=kfold, fold=10, fold_shuffle=False, fold_groups=None, n_jobs=-1, use_gpu=False, custom_pipeline=None, html=True, session_id=123, log_experiment=False, experiment_name=None, experiment_custom_tags=None, log_plots=False, log_profile=False, log_data=False, silent=False, verbose=True, profile=False, profile_kwargs=None, display=None)
2023-02-22 15:17:03,803:INFO:Checking environment
2023-02-22 15:17:03,803:INFO:python_version: 3.7.12
2023-02-22 15:17:03,803:INFO:python_build: ('default', 'Oct 26 2021 06:08:21')
2023-02-22 15:17:03,803:INFO:machine: x86_64
2023-02-22 15:17:03,803:INFO:platform: Linux-4.19.0-23-cloud-amd64-x86_64-with-debian-bullseye-sid
2023-02-22 15:17:03,803:INFO:Memory: svmem(total=15763988480, available=14299398144, percent=9.3, used=1118052352, free=12273025024, active=1607761920, inactive=1516699648, buffers=141066240, cached=2231844864, shared=9195520, slab=249319424)
2023-02-22 15:17:03,807:INFO:Physical Core: 2
2023-02-22 15:17:03,808:INFO:Logical Core: 4
2023-02-22 15:17:03,808:INFO:Checking libraries
2023-02-22 15:17:03,809:INFO:pd==1.3.5
2023-02-22 15:17:03,809:INFO:numpy==1.19.5
2023-02-22 15:17:03,809:INFO:sklearn==0.23.2
2023-02-22 15:17:03,809:INFO:lightgbm==3.3.5
2023-02-22 15:17:03,810:WARNING:catboost not found
2023-02-22 15:17:03,810:WARNING:xgboost not found
2023-02-22 15:17:03,810:INFO:mlflow==1.30.0
2023-02-22 15:17:03,810:INFO:Checking Exceptions
2023-02-22 15:17:03,811:INFO:Declaring global variables
2023-02-22 15:17:03,811:INFO:USI: ead6
2023-02-22 15:17:03,811:INFO:pycaret_globals: {'exp_name_log', 'prep_pipe', 'seed', 'y_train', 'html_param', '_all_metrics', 'y_test', 'data_before_preprocess', 'imputation_regressor', 'USI', 'create_model_container', 'dashboard_logger', 'pycaret_globals', 'n_jobs_param', 'target_param', 'fold_generator', 'fix_imbalance_method_param', '_internal_pipeline', 'X_test', 'master_model_container', 'X_train', '_available_plots', 'X', 'logging_param', 'imputation_classifier', 'y', 'display_container', 'transform_target_param', '_all_models_internal', 'fix_imbalance_param', 'experiment__', 'fold_param', 'fold_shuffle_param', '_gpu_n_jobs_param', 'fold_groups_param', 'gpu_param', '_all_models', 'iterative_imputation_iters_param', 'transform_target_method_param', 'log_plots_param', 'stratify_param', '_ml_usecase', 'fold_groups_param_full'}
2023-02-22 15:17:03,811:INFO:Preparing display monitor
2023-02-22 15:17:03,811:INFO:Preparing display monitor
2023-02-22 15:17:03,919:INFO:Importing libraries
2023-02-22 15:17:03,919:INFO:Copying data for preprocessing
2023-02-22 15:17:03,952:INFO:Declaring preprocessing parameters
2023-02-22 15:17:03,991:INFO:Creating preprocessing pipeline
2023-02-22 15:17:04,003:INFO:Preprocessing pipeline created successfully
2023-02-22 15:17:04,004:ERROR:(Process Exit): setup has been interupted with user command 'quit'. setup must rerun.
2023-02-22 15:17:04,004:INFO:Creating global containers
2023-02-22 15:17:04,005:INFO:Internal pipeline: Pipeline(memory=None, steps=[('empty_step', 'passthrough')], verbose=False)
2023-02-22 15:18:27,635:WARNING:Couldn't import xgboost.XGBRegressor
2023-02-22 15:18:27,635:WARNING:Couldn't import catboost.CatBoostRegressor
2023-02-22 15:18:27,765:WARNING:Couldn't import xgboost.XGBRegressor
2023-02-22 15:18:27,768:WARNING:Couldn't import catboost.CatBoostRegressor
2023-02-22 15:18:27,768:INFO:Creating grid variables
2023-02-22 15:18:27,790:INFO:create_model_container: 0
2023-02-22 15:18:27,791:INFO:master_model_container: 0
2023-02-22 15:18:27,791:INFO:display_container: 1
2023-02-22 15:18:27,798:INFO:Pipeline(memory=None,
         steps=[('dtypes',
                 DataTypes_Auto_infer(categorical_features=[],
                                      display_types=True, features_todrop=[],
                                      id_columns=[], ml_usecase='regression',
                                      numerical_features=[], target='charges',
                                      time_features=[])),
                ('imputer',
                 Simple_Imputer(categorical_strategy='not_available',
                                fill_value_categorical=None,
                                fill_value_numerical=None,
                                numeric_strategy...
                ('scaling', 'passthrough'), ('P_transform', 'passthrough'),
                ('binn', 'passthrough'), ('rem_outliers', 'passthrough'),
                ('cluster_all', 'passthrough'),
                ('dummy', Dummify(target='charges')),
                ('fix_perfect', Remove_100(target='charges')),
                ('clean_names', Clean_Colum_Names()),
                ('feature_select', 'passthrough'), ('fix_multi', 'passthrough'),
                ('dfs', 'passthrough'), ('pca', 'passthrough')],
         verbose=False)
2023-02-22 15:18:27,799:INFO:setup() succesfully completed......................................
2023-02-22 15:18:36,039:INFO:Initializing create_model()
2023-02-22 15:18:36,041:INFO:create_model(estimator=lr, fold=None, round=4, cross_validation=True, predict=True, fit_kwargs=None, groups=None, refit=True, verbose=True, system=True, metrics=None, experiment_custom_tags=None, add_to_model_list=True, probability_threshold=None, display=None, return_train_score=False, kwargs={})
2023-02-22 15:18:36,041:INFO:Checking exceptions
2023-02-22 15:18:36,041:INFO:Preparing display monitor
2023-02-22 15:18:36,071:INFO:Importing libraries
2023-02-22 15:18:36,071:INFO:Copying training dataset
2023-02-22 15:18:36,072:INFO:Defining folds
2023-02-22 15:18:36,072:INFO:Declaring metric variables
2023-02-22 15:18:36,089:INFO:Importing untrained model
2023-02-22 15:18:36,105:INFO:Linear Regression Imported succesfully
2023-02-22 15:18:36,144:INFO:Starting cross validation
2023-02-22 15:18:36,151:INFO:Cross validating with KFold(n_splits=10, random_state=None, shuffle=False), n_jobs=-1
2023-02-22 15:18:40,675:INFO:Calculating mean and std
2023-02-22 15:18:40,677:INFO:Creating metrics dataframe
2023-02-22 15:18:40,700:INFO:Finalizing model
2023-02-22 15:18:40,725:INFO:Uploading results into container
2023-02-22 15:18:40,726:INFO:Uploading model into container now
2023-02-22 15:18:40,750:INFO:create_model_container: 1
2023-02-22 15:18:40,751:INFO:master_model_container: 1
2023-02-22 15:18:40,751:INFO:display_container: 2
2023-02-22 15:18:40,751:INFO:LinearRegression(copy_X=True, fit_intercept=True, n_jobs=-1, normalize=False)
2023-02-22 15:18:40,751:INFO:create_model() succesfully completed......................................
2023-02-22 15:19:07,434:INFO:Initializing plot_model()
2023-02-22 15:19:07,434:INFO:plot_model(fold=None, use_train_data=False, verbose=True, is_in_evaluate=False, display=None, display_format=None, estimator=LinearRegression(copy_X=True, fit_intercept=True, n_jobs=-1, normalize=False), feature_name=None, fit_kwargs=None, groups=None, label=False, plot=residuals, plot_kwargs=None, save=False, scale=1, system=True)
2023-02-22 15:19:07,434:INFO:Checking exceptions
2023-02-22 15:19:07,434:INFO:Preparing display monitor
2023-02-22 15:19:07,441:INFO:Preloading libraries
2023-02-22 15:19:07,442:INFO:Copying training dataset
2023-02-22 15:19:07,443:INFO:Copying test dataset
2023-02-22 15:19:07,443:INFO:Plot type: residuals
2023-02-22 15:19:07,683:INFO:Fitting Model
2023-02-22 15:19:07,750:INFO:Scoring test/hold-out set
2023-02-22 15:19:08,833:INFO:Visual Rendered Successfully
2023-02-22 15:19:08,960:INFO:plot_model() succesfully completed......................................
2023-02-22 15:19:51,907:INFO:PyCaret Supervised Module
2023-02-22 15:19:51,907:INFO:ML Usecase: regression
2023-02-22 15:19:51,907:INFO:version 2.3.10
2023-02-22 15:19:51,907:INFO:Initializing setup()
2023-02-22 15:19:51,907:INFO:setup(target=charges, ml_usecase=regression, available_plots={'parameter': 'Hyperparameters', 'residuals': 'Residuals', 'error': 'Prediction Error', 'cooks': 'Cooks Distance', 'rfe': 'Feature Selection', 'learning': 'Learning Curve', 'manifold': 'Manifold Learning', 'vc': 'Validation Curve', 'feature': 'Feature Importance', 'feature_all': 'Feature Importance (All)', 'tree': 'Decision Tree', 'residuals_interactive': 'Interactive Residuals'}, train_size=0.7, test_data=None, preprocess=True, imputation_type=simple, iterative_imputation_iters=5, categorical_features=None, categorical_imputation=constant, categorical_iterative_imputer=lightgbm, ordinal_features=None, high_cardinality_features=None, high_cardinality_method=frequency, numeric_features=None, numeric_imputation=mean, numeric_iterative_imputer=lightgbm, date_features=None, ignore_features=None, normalize=True, normalize_method=zscore, transformation=False, transformation_method=yeo-johnson, handle_unknown_categorical=True, unknown_categorical_method=least_frequent, pca=False, pca_method=linear, pca_components=None, ignore_low_variance=False, combine_rare_levels=False, rare_level_threshold=0.1, bin_numeric_features=['age', 'bmi'], remove_outliers=False, outliers_threshold=0.05, remove_multicollinearity=False, multicollinearity_threshold=0.9, remove_perfect_collinearity=True, create_clusters=False, cluster_iter=20, polynomial_features=True, polynomial_degree=2, trigonometry_features=True, polynomial_threshold=0.1, group_features=None, group_names=None, feature_selection=False, feature_selection_threshold=0.8, feature_selection_method=classic, feature_interaction=True, feature_ratio=False, interaction_threshold=0.01, fix_imbalance=False, fix_imbalance_method=None, transform_target=False, transform_target_method=box-cox, data_split_shuffle=True, data_split_stratify=False, fold_strategy=kfold, fold=10, fold_shuffle=False, fold_groups=None, n_jobs=-1, use_gpu=False, custom_pipeline=None, html=True, session_id=123, log_experiment=False, experiment_name=None, experiment_custom_tags=None, log_plots=False, log_profile=False, log_data=False, silent=False, verbose=True, profile=False, profile_kwargs=None, display=None)
2023-02-22 15:19:51,908:INFO:Checking environment
2023-02-22 15:19:51,908:INFO:python_version: 3.7.12
2023-02-22 15:19:51,908:INFO:python_build: ('default', 'Oct 26 2021 06:08:21')
2023-02-22 15:19:51,908:INFO:machine: x86_64
2023-02-22 15:19:51,908:INFO:platform: Linux-4.19.0-23-cloud-amd64-x86_64-with-debian-bullseye-sid
2023-02-22 15:19:51,909:INFO:Memory: svmem(total=15763988480, available=13677023232, percent=13.2, used=1740386304, free=11645861888, active=2236551168, inactive=1506828288, buffers=141557760, cached=2236182528, shared=9236480, slab=254222336)
2023-02-22 15:19:51,910:INFO:Physical Core: 2
2023-02-22 15:19:51,910:INFO:Logical Core: 4
2023-02-22 15:19:51,910:INFO:Checking libraries
2023-02-22 15:19:51,910:INFO:pd==1.3.5
2023-02-22 15:19:51,910:INFO:numpy==1.19.5
2023-02-22 15:19:51,910:INFO:sklearn==0.23.2
2023-02-22 15:19:51,910:INFO:lightgbm==3.3.5
2023-02-22 15:19:51,911:WARNING:catboost not found
2023-02-22 15:19:51,911:WARNING:xgboost not found
2023-02-22 15:19:51,911:INFO:mlflow==1.30.0
2023-02-22 15:19:51,911:INFO:Checking Exceptions
2023-02-22 15:19:51,912:INFO:Declaring global variables
2023-02-22 15:19:51,912:INFO:USI: 5ea9
2023-02-22 15:19:51,912:INFO:pycaret_globals: {'exp_name_log', 'prep_pipe', 'seed', 'y_train', 'html_param', '_all_metrics', 'y_test', 'data_before_preprocess', 'imputation_regressor', 'USI', 'create_model_container', 'dashboard_logger', 'pycaret_globals', 'n_jobs_param', 'target_param', 'fold_generator', 'fix_imbalance_method_param', '_internal_pipeline', 'X_test', 'master_model_container', 'X_train', '_available_plots', 'X', 'logging_param', 'imputation_classifier', 'y', 'display_container', 'transform_target_param', '_all_models_internal', 'fix_imbalance_param', 'experiment__', 'fold_param', 'fold_shuffle_param', '_gpu_n_jobs_param', 'fold_groups_param', 'gpu_param', '_all_models', 'iterative_imputation_iters_param', 'transform_target_method_param', 'log_plots_param', 'stratify_param', '_ml_usecase', 'fold_groups_param_full'}
2023-02-22 15:19:51,912:INFO:Preparing display monitor
2023-02-22 15:19:51,912:INFO:Preparing display monitor
2023-02-22 15:19:51,930:INFO:Importing libraries
2023-02-22 15:19:51,931:INFO:Copying data for preprocessing
2023-02-22 15:19:51,945:INFO:Declaring preprocessing parameters
2023-02-22 15:19:51,947:INFO:Creating preprocessing pipeline
2023-02-22 15:19:51,955:INFO:Preprocessing pipeline created successfully
2023-02-22 15:19:51,956:ERROR:(Process Exit): setup has been interupted with user command 'quit'. setup must rerun.
2023-02-22 15:19:51,956:INFO:Creating global containers
2023-02-22 15:19:51,956:INFO:Internal pipeline: Pipeline(memory=None, steps=[('empty_step', 'passthrough')], verbose=False)
2023-02-22 15:19:55,315:WARNING:Couldn't import xgboost.XGBRegressor
2023-02-22 15:19:55,316:WARNING:Couldn't import catboost.CatBoostRegressor
2023-02-22 15:19:55,441:WARNING:Couldn't import xgboost.XGBRegressor
2023-02-22 15:19:55,441:WARNING:Couldn't import catboost.CatBoostRegressor
2023-02-22 15:19:55,442:INFO:Creating grid variables
2023-02-22 15:19:55,461:INFO:create_model_container: 0
2023-02-22 15:19:55,462:INFO:master_model_container: 0
2023-02-22 15:19:55,462:INFO:display_container: 1
2023-02-22 15:19:55,470:INFO:Pipeline(memory=None,
         steps=[('dtypes',
                 DataTypes_Auto_infer(categorical_features=[],
                                      display_types=True, features_todrop=[],
                                      id_columns=[], ml_usecase='regression',
                                      numerical_features=[], target='charges',
                                      time_features=[])),
                ('imputer',
                 Simple_Imputer(categorical_strategy='not_available',
                                fill_value_categorical=None,
                                fill_value_numerical=None,
                                numeric_strategy...
                ('dummy', Dummify(target='charges')),
                ('fix_perfect', Remove_100(target='charges')),
                ('clean_names', Clean_Colum_Names()),
                ('feature_select', 'passthrough'), ('fix_multi', 'passthrough'),
                ('dfs',
                 DFS_Classic(interactions=['multiply'], ml_usecase='regression',
                             n_jobs=-1, random_state=123, subclass='binary',
                             target='charges',
                             top_features_to_pick_percentage=None)),
                ('pca', 'passthrough')],
         verbose=False)
2023-02-22 15:19:55,470:INFO:setup() succesfully completed......................................
2023-02-22 15:21:06,717:INFO:Initializing create_model()
2023-02-22 15:21:06,718:INFO:create_model(estimator=lr, fold=None, round=4, cross_validation=True, predict=True, fit_kwargs=None, groups=None, refit=True, verbose=True, system=True, metrics=None, experiment_custom_tags=None, add_to_model_list=True, probability_threshold=None, display=None, return_train_score=False, kwargs={})
2023-02-22 15:21:06,718:INFO:Checking exceptions
2023-02-22 15:21:06,719:INFO:Preparing display monitor
2023-02-22 15:21:06,741:INFO:Importing libraries
2023-02-22 15:21:06,741:INFO:Copying training dataset
2023-02-22 15:21:06,742:INFO:Defining folds
2023-02-22 15:21:06,742:INFO:Declaring metric variables
2023-02-22 15:21:06,754:INFO:Importing untrained model
2023-02-22 15:21:06,767:INFO:Linear Regression Imported succesfully
2023-02-22 15:21:06,791:INFO:Starting cross validation
2023-02-22 15:21:06,791:INFO:Cross validating with KFold(n_splits=10, random_state=None, shuffle=False), n_jobs=-1
2023-02-22 15:21:06,897:INFO:Calculating mean and std
2023-02-22 15:21:06,898:INFO:Creating metrics dataframe
2023-02-22 15:21:06,916:INFO:Finalizing model
2023-02-22 15:21:06,929:INFO:Uploading results into container
2023-02-22 15:21:06,929:INFO:Uploading model into container now
2023-02-22 15:21:06,949:INFO:create_model_container: 1
2023-02-22 15:21:06,949:INFO:master_model_container: 1
2023-02-22 15:21:06,949:INFO:display_container: 2
2023-02-22 15:21:06,949:INFO:LinearRegression(copy_X=True, fit_intercept=True, n_jobs=-1, normalize=False)
2023-02-22 15:21:06,949:INFO:create_model() succesfully completed......................................
2023-02-22 15:21:25,515:INFO:Initializing plot_model()
2023-02-22 15:21:25,515:INFO:plot_model(fold=None, use_train_data=False, verbose=True, is_in_evaluate=False, display=None, display_format=None, estimator=LinearRegression(copy_X=True, fit_intercept=True, n_jobs=-1, normalize=False), feature_name=None, fit_kwargs=None, groups=None, label=False, plot=residuals, plot_kwargs=None, save=False, scale=1, system=True)
2023-02-22 15:21:25,515:INFO:Checking exceptions
2023-02-22 15:21:25,515:INFO:Preparing display monitor
2023-02-22 15:21:25,522:INFO:Preloading libraries
2023-02-22 15:21:25,535:INFO:Copying training dataset
2023-02-22 15:21:25,536:INFO:Copying test dataset
2023-02-22 15:21:25,537:INFO:Plot type: residuals
2023-02-22 15:21:25,629:INFO:Fitting Model
2023-02-22 15:21:25,690:INFO:Scoring test/hold-out set
2023-02-22 15:21:26,287:INFO:Visual Rendered Successfully
2023-02-22 15:21:26,418:INFO:plot_model() succesfully completed......................................
2023-02-22 15:21:58,090:INFO:Initializing save_model()
2023-02-22 15:21:58,091:INFO:save_model(model=LinearRegression(copy_X=True, fit_intercept=True, n_jobs=-1, normalize=False), model_name=deployment_22022023, prep_pipe_=Pipeline(memory=None,
         steps=[('dtypes',
                 DataTypes_Auto_infer(categorical_features=[],
                                      display_types=True, features_todrop=[],
                                      id_columns=[], ml_usecase='regression',
                                      numerical_features=[], target='charges',
                                      time_features=[])),
                ('imputer',
                 Simple_Imputer(categorical_strategy='not_available',
                                fill_value_categorical=None,
                                fill_value_numerical=None,
                                numeric_strategy...
                ('dummy', Dummify(target='charges')),
                ('fix_perfect', Remove_100(target='charges')),
                ('clean_names', Clean_Colum_Names()),
                ('feature_select', 'passthrough'), ('fix_multi', 'passthrough'),
                ('dfs',
                 DFS_Classic(interactions=['multiply'], ml_usecase='regression',
                             n_jobs=-1, random_state=123, subclass='binary',
                             target='charges',
                             top_features_to_pick_percentage=None)),
                ('pca', 'passthrough')],
         verbose=False), verbose=True, kwargs={})
2023-02-22 15:21:58,091:INFO:Adding model into prep_pipe
2023-02-22 15:21:58,109:INFO:deployment_22022023.pkl saved in current working directory
2023-02-22 15:21:58,119:INFO:Pipeline(memory=None,
         steps=[('dtypes',
                 DataTypes_Auto_infer(categorical_features=[],
                                      display_types=True, features_todrop=[],
                                      id_columns=[], ml_usecase='regression',
                                      numerical_features=[], target='charges',
                                      time_features=[])),
                ('imputer',
                 Simple_Imputer(categorical_strategy='not_available',
                                fill_value_categorical=None,
                                fill_value_numerical=None,
                                numeric_strategy...
                ('feature_select', 'passthrough'), ('fix_multi', 'passthrough'),
                ('dfs',
                 DFS_Classic(interactions=['multiply'], ml_usecase='regression',
                             n_jobs=-1, random_state=123, subclass='binary',
                             target='charges',
                             top_features_to_pick_percentage=None)),
                ('pca', 'passthrough'),
                ['trained_model',
                 LinearRegression(copy_X=True, fit_intercept=True, n_jobs=-1,
                                  normalize=False)]],
         verbose=False)
2023-02-22 15:21:58,119:INFO:save_model() successfully completed......................................
2023-02-22 15:22:24,273:INFO:Initializing load_model()
2023-02-22 15:22:24,273:INFO:load_model(model_name=deployment_22022023, platform=None, authentication=None, verbose=True)
2023-02-22 15:22:38,227:INFO:Initializing load_model()
2023-02-22 15:22:38,227:INFO:load_model(model_name=deployment_22022023, platform=None, authentication=None, verbose=True)
2023-02-22 18:10:47,355:INFO:PyCaret Supervised Module
2023-02-22 18:10:47,390:INFO:ML Usecase: regression
2023-02-22 18:10:47,391:INFO:version 2.3.10
2023-02-22 18:10:47,391:INFO:Initializing setup()
2023-02-22 18:10:47,391:INFO:setup(target=charges, ml_usecase=regression, available_plots={'parameter': 'Hyperparameters', 'residuals': 'Residuals', 'error': 'Prediction Error', 'cooks': 'Cooks Distance', 'rfe': 'Feature Selection', 'learning': 'Learning Curve', 'manifold': 'Manifold Learning', 'vc': 'Validation Curve', 'feature': 'Feature Importance', 'feature_all': 'Feature Importance (All)', 'tree': 'Decision Tree', 'residuals_interactive': 'Interactive Residuals'}, train_size=0.7, test_data=None, preprocess=True, imputation_type=simple, iterative_imputation_iters=5, categorical_features=None, categorical_imputation=constant, categorical_iterative_imputer=lightgbm, ordinal_features=None, high_cardinality_features=None, high_cardinality_method=frequency, numeric_features=None, numeric_imputation=mean, numeric_iterative_imputer=lightgbm, date_features=None, ignore_features=None, normalize=False, normalize_method=zscore, transformation=False, transformation_method=yeo-johnson, handle_unknown_categorical=True, unknown_categorical_method=least_frequent, pca=False, pca_method=linear, pca_components=None, ignore_low_variance=False, combine_rare_levels=False, rare_level_threshold=0.1, bin_numeric_features=None, remove_outliers=False, outliers_threshold=0.05, remove_multicollinearity=False, multicollinearity_threshold=0.9, remove_perfect_collinearity=True, create_clusters=False, cluster_iter=20, polynomial_features=False, polynomial_degree=2, trigonometry_features=False, polynomial_threshold=0.1, group_features=None, group_names=None, feature_selection=False, feature_selection_threshold=0.8, feature_selection_method=classic, feature_interaction=False, feature_ratio=False, interaction_threshold=0.01, fix_imbalance=False, fix_imbalance_method=None, transform_target=False, transform_target_method=box-cox, data_split_shuffle=True, data_split_stratify=False, fold_strategy=kfold, fold=10, fold_shuffle=False, fold_groups=None, n_jobs=-1, use_gpu=False, custom_pipeline=None, html=True, session_id=123, log_experiment=False, experiment_name=None, experiment_custom_tags=None, log_plots=False, log_profile=False, log_data=False, silent=False, verbose=True, profile=False, profile_kwargs=None, display=None)
2023-02-22 18:10:47,391:INFO:Checking environment
2023-02-22 18:10:47,391:INFO:python_version: 3.7.12
2023-02-22 18:10:47,391:INFO:python_build: ('default', 'Oct 26 2021 06:08:21')
2023-02-22 18:10:47,391:INFO:machine: x86_64
2023-02-22 18:10:47,391:INFO:platform: Linux-4.19.0-23-cloud-amd64-x86_64-with-debian-bullseye-sid
2023-02-22 18:10:47,391:INFO:Memory: svmem(total=15763988480, available=14397931520, percent=8.7, used=1049604096, free=13284720640, active=1420963840, inactive=771907584, buffers=109293568, cached=1320370176, shared=9191424, slab=168357888)
2023-02-22 18:10:47,392:INFO:Physical Core: 2
2023-02-22 18:10:47,393:INFO:Logical Core: 4
2023-02-22 18:10:47,393:INFO:Checking libraries
2023-02-22 18:10:47,393:INFO:pd==1.3.5
2023-02-22 18:10:47,393:INFO:numpy==1.19.5
2023-02-22 18:10:47,393:INFO:sklearn==0.23.2
2023-02-22 18:10:47,393:INFO:lightgbm==3.3.5
2023-02-22 18:10:47,393:WARNING:catboost not found
2023-02-22 18:10:47,394:WARNING:xgboost not found
2023-02-22 18:10:47,394:INFO:mlflow==1.30.0
2023-02-22 18:10:47,394:INFO:Checking Exceptions
2023-02-22 18:10:47,394:INFO:Declaring global variables
2023-02-22 18:10:47,394:INFO:USI: 2426
2023-02-22 18:10:47,394:INFO:pycaret_globals: {'USI', 'imputation_classifier', '_ml_usecase', 'y', 'dashboard_logger', '_internal_pipeline', '_all_models_internal', 'experiment__', 'master_model_container', 'exp_name_log', 'iterative_imputation_iters_param', '_gpu_n_jobs_param', 'fold_generator', 'fold_param', 'imputation_regressor', 'transform_target_param', '_all_metrics', 'fix_imbalance_param', 'X_test', 'html_param', 'gpu_param', 'logging_param', '_all_models', 'X_train', '_available_plots', 'y_test', 'display_container', 'prep_pipe', 'fold_groups_param', 'seed', 'log_plots_param', 'data_before_preprocess', 'create_model_container', 'fix_imbalance_method_param', 'pycaret_globals', 'fold_shuffle_param', 'n_jobs_param', 'transform_target_method_param', 'X', 'fold_groups_param_full', 'target_param', 'stratify_param', 'y_train'}
2023-02-22 18:10:47,394:INFO:Preparing display monitor
2023-02-22 18:10:47,394:INFO:Preparing display monitor
2023-02-22 18:10:47,449:INFO:Importing libraries
2023-02-22 18:10:47,449:INFO:Copying data for preprocessing
2023-02-22 18:10:47,485:INFO:Declaring preprocessing parameters
2023-02-22 18:10:47,525:INFO:Creating preprocessing pipeline
2023-02-22 18:10:47,538:INFO:Preprocessing pipeline created successfully
2023-02-22 18:10:47,538:ERROR:(Process Exit): setup has been interupted with user command 'quit'. setup must rerun.
2023-02-22 18:10:47,538:INFO:Creating global containers
2023-02-22 18:10:47,556:INFO:Internal pipeline: Pipeline(memory=None, steps=[('empty_step', 'passthrough')], verbose=False)
2023-02-22 18:10:49,751:WARNING:Couldn't import xgboost.XGBRegressor
2023-02-22 18:10:49,752:WARNING:Couldn't import catboost.CatBoostRegressor
2023-02-22 18:10:49,875:WARNING:Couldn't import xgboost.XGBRegressor
2023-02-22 18:10:49,875:WARNING:Couldn't import catboost.CatBoostRegressor
2023-02-22 18:10:49,876:INFO:Creating grid variables
2023-02-22 18:10:49,892:INFO:create_model_container: 0
2023-02-22 18:10:49,893:INFO:master_model_container: 0
2023-02-22 18:10:49,893:INFO:display_container: 1
2023-02-22 18:10:49,898:INFO:Pipeline(memory=None,
         steps=[('dtypes',
                 DataTypes_Auto_infer(categorical_features=[],
                                      display_types=True, features_todrop=[],
                                      id_columns=[], ml_usecase='regression',
                                      numerical_features=[], target='charges',
                                      time_features=[])),
                ('imputer',
                 Simple_Imputer(categorical_strategy='not_available',
                                fill_value_categorical=None,
                                fill_value_numerical=None,
                                numeric_strategy...
                ('scaling', 'passthrough'), ('P_transform', 'passthrough'),
                ('binn', 'passthrough'), ('rem_outliers', 'passthrough'),
                ('cluster_all', 'passthrough'),
                ('dummy', Dummify(target='charges')),
                ('fix_perfect', Remove_100(target='charges')),
                ('clean_names', Clean_Colum_Names()),
                ('feature_select', 'passthrough'), ('fix_multi', 'passthrough'),
                ('dfs', 'passthrough'), ('pca', 'passthrough')],
         verbose=False)
2023-02-22 18:10:49,899:INFO:setup() succesfully completed......................................
2023-02-22 18:10:51,451:INFO:PyCaret Supervised Module
2023-02-22 18:10:51,451:INFO:ML Usecase: regression
2023-02-22 18:10:51,451:INFO:version 2.3.10
2023-02-22 18:10:51,451:INFO:Initializing setup()
2023-02-22 18:10:51,451:INFO:setup(target=charges, ml_usecase=regression, available_plots={'parameter': 'Hyperparameters', 'residuals': 'Residuals', 'error': 'Prediction Error', 'cooks': 'Cooks Distance', 'rfe': 'Feature Selection', 'learning': 'Learning Curve', 'manifold': 'Manifold Learning', 'vc': 'Validation Curve', 'feature': 'Feature Importance', 'feature_all': 'Feature Importance (All)', 'tree': 'Decision Tree', 'residuals_interactive': 'Interactive Residuals'}, train_size=0.7, test_data=None, preprocess=True, imputation_type=simple, iterative_imputation_iters=5, categorical_features=None, categorical_imputation=constant, categorical_iterative_imputer=lightgbm, ordinal_features=None, high_cardinality_features=None, high_cardinality_method=frequency, numeric_features=None, numeric_imputation=mean, numeric_iterative_imputer=lightgbm, date_features=None, ignore_features=None, normalize=False, normalize_method=zscore, transformation=False, transformation_method=yeo-johnson, handle_unknown_categorical=True, unknown_categorical_method=least_frequent, pca=False, pca_method=linear, pca_components=None, ignore_low_variance=False, combine_rare_levels=False, rare_level_threshold=0.1, bin_numeric_features=None, remove_outliers=False, outliers_threshold=0.05, remove_multicollinearity=False, multicollinearity_threshold=0.9, remove_perfect_collinearity=True, create_clusters=False, cluster_iter=20, polynomial_features=False, polynomial_degree=2, trigonometry_features=False, polynomial_threshold=0.1, group_features=None, group_names=None, feature_selection=False, feature_selection_threshold=0.8, feature_selection_method=classic, feature_interaction=False, feature_ratio=False, interaction_threshold=0.01, fix_imbalance=False, fix_imbalance_method=None, transform_target=False, transform_target_method=box-cox, data_split_shuffle=True, data_split_stratify=False, fold_strategy=kfold, fold=10, fold_shuffle=False, fold_groups=None, n_jobs=-1, use_gpu=False, custom_pipeline=None, html=True, session_id=123, log_experiment=False, experiment_name=None, experiment_custom_tags=None, log_plots=False, log_profile=False, log_data=False, silent=False, verbose=True, profile=False, profile_kwargs=None, display=None)
2023-02-22 18:10:51,451:INFO:Checking environment
2023-02-22 18:10:51,451:INFO:python_version: 3.7.12
2023-02-22 18:10:51,451:INFO:python_build: ('default', 'Oct 26 2021 06:08:21')
2023-02-22 18:10:51,451:INFO:machine: x86_64
2023-02-22 18:10:51,451:INFO:platform: Linux-4.19.0-23-cloud-amd64-x86_64-with-debian-bullseye-sid
2023-02-22 18:10:51,453:INFO:Memory: svmem(total=15763988480, available=14395076608, percent=8.7, used=1052434432, free=13280227328, active=1425891328, inactive=773513216, buffers=109309952, cached=1322016768, shared=9191424, slab=168419328)
2023-02-22 18:10:51,454:INFO:Physical Core: 2
2023-02-22 18:10:51,454:INFO:Logical Core: 4
2023-02-22 18:10:51,454:INFO:Checking libraries
2023-02-22 18:10:51,454:INFO:pd==1.3.5
2023-02-22 18:10:51,454:INFO:numpy==1.19.5
2023-02-22 18:10:51,454:INFO:sklearn==0.23.2
2023-02-22 18:10:51,455:INFO:lightgbm==3.3.5
2023-02-22 18:10:51,456:WARNING:catboost not found
2023-02-22 18:10:51,456:WARNING:xgboost not found
2023-02-22 18:10:51,456:INFO:mlflow==1.30.0
2023-02-22 18:10:51,456:INFO:Checking Exceptions
2023-02-22 18:10:51,456:INFO:Declaring global variables
2023-02-22 18:10:51,456:INFO:USI: 82f2
2023-02-22 18:10:51,457:INFO:pycaret_globals: {'USI', 'imputation_classifier', '_ml_usecase', 'y', 'dashboard_logger', '_internal_pipeline', '_all_models_internal', 'experiment__', 'master_model_container', 'exp_name_log', 'iterative_imputation_iters_param', '_gpu_n_jobs_param', 'fold_generator', 'fold_param', 'imputation_regressor', 'transform_target_param', '_all_metrics', 'fix_imbalance_param', 'X_test', 'html_param', 'gpu_param', 'logging_param', '_all_models', 'X_train', '_available_plots', 'y_test', 'display_container', 'prep_pipe', 'fold_groups_param', 'seed', 'log_plots_param', 'data_before_preprocess', 'create_model_container', 'fix_imbalance_method_param', 'pycaret_globals', 'fold_shuffle_param', 'n_jobs_param', 'transform_target_method_param', 'X', 'fold_groups_param_full', 'target_param', 'stratify_param', 'y_train'}
2023-02-22 18:10:51,457:INFO:Preparing display monitor
2023-02-22 18:10:51,457:INFO:Preparing display monitor
2023-02-22 18:10:51,472:INFO:Importing libraries
2023-02-22 18:10:51,473:INFO:Copying data for preprocessing
2023-02-22 18:10:51,484:INFO:Declaring preprocessing parameters
2023-02-22 18:10:51,486:INFO:Creating preprocessing pipeline
2023-02-22 18:10:51,493:INFO:Preprocessing pipeline created successfully
2023-02-22 18:10:51,493:ERROR:(Process Exit): setup has been interupted with user command 'quit'. setup must rerun.
2023-02-22 18:10:51,493:INFO:Creating global containers
2023-02-22 18:10:51,493:INFO:Internal pipeline: Pipeline(memory=None, steps=[('empty_step', 'passthrough')], verbose=False)
2023-02-22 18:10:53,566:WARNING:Couldn't import xgboost.XGBRegressor
2023-02-22 18:10:53,567:WARNING:Couldn't import catboost.CatBoostRegressor
2023-02-22 18:10:53,691:WARNING:Couldn't import xgboost.XGBRegressor
2023-02-22 18:10:53,691:WARNING:Couldn't import catboost.CatBoostRegressor
2023-02-22 18:10:53,692:INFO:Creating grid variables
2023-02-22 18:10:53,708:INFO:create_model_container: 0
2023-02-22 18:10:53,709:INFO:master_model_container: 0
2023-02-22 18:10:53,709:INFO:display_container: 1
2023-02-22 18:10:53,714:INFO:Pipeline(memory=None,
         steps=[('dtypes',
                 DataTypes_Auto_infer(categorical_features=[],
                                      display_types=True, features_todrop=[],
                                      id_columns=[], ml_usecase='regression',
                                      numerical_features=[], target='charges',
                                      time_features=[])),
                ('imputer',
                 Simple_Imputer(categorical_strategy='not_available',
                                fill_value_categorical=None,
                                fill_value_numerical=None,
                                numeric_strategy...
                ('scaling', 'passthrough'), ('P_transform', 'passthrough'),
                ('binn', 'passthrough'), ('rem_outliers', 'passthrough'),
                ('cluster_all', 'passthrough'),
                ('dummy', Dummify(target='charges')),
                ('fix_perfect', Remove_100(target='charges')),
                ('clean_names', Clean_Colum_Names()),
                ('feature_select', 'passthrough'), ('fix_multi', 'passthrough'),
                ('dfs', 'passthrough'), ('pca', 'passthrough')],
         verbose=False)
2023-02-22 18:10:53,714:INFO:setup() succesfully completed......................................
2023-02-22 18:11:01,273:INFO:Initializing create_model()
2023-02-22 18:11:01,273:INFO:create_model(estimator=lr, fold=None, round=4, cross_validation=True, predict=True, fit_kwargs=None, groups=None, refit=True, verbose=True, system=True, metrics=None, experiment_custom_tags=None, add_to_model_list=True, probability_threshold=None, display=None, return_train_score=False, kwargs={})
2023-02-22 18:11:01,274:INFO:Checking exceptions
2023-02-22 18:11:01,274:INFO:Preparing display monitor
2023-02-22 18:11:01,296:INFO:Importing libraries
2023-02-22 18:11:01,296:INFO:Copying training dataset
2023-02-22 18:11:01,297:INFO:Defining folds
2023-02-22 18:11:01,297:INFO:Declaring metric variables
2023-02-22 18:11:01,309:INFO:Importing untrained model
2023-02-22 18:11:01,320:INFO:Linear Regression Imported succesfully
2023-02-22 18:11:01,344:INFO:Starting cross validation
2023-02-22 18:11:01,388:INFO:Cross validating with KFold(n_splits=10, random_state=None, shuffle=False), n_jobs=-1
2023-02-22 18:11:09,623:INFO:Calculating mean and std
2023-02-22 18:11:09,625:INFO:Creating metrics dataframe
2023-02-22 18:11:09,643:INFO:Finalizing model
2023-02-22 18:11:09,684:INFO:Uploading results into container
2023-02-22 18:11:09,685:INFO:Uploading model into container now
2023-02-22 18:11:09,709:INFO:create_model_container: 1
2023-02-22 18:11:09,709:INFO:master_model_container: 1
2023-02-22 18:11:09,709:INFO:display_container: 2
2023-02-22 18:11:09,710:INFO:LinearRegression(copy_X=True, fit_intercept=True, n_jobs=-1, normalize=False)
2023-02-22 18:11:09,710:INFO:create_model() succesfully completed......................................
2023-02-22 18:11:11,847:INFO:Initializing plot_model()
2023-02-22 18:11:11,847:INFO:plot_model(fold=None, use_train_data=False, verbose=True, is_in_evaluate=False, display=None, display_format=None, estimator=LinearRegression(copy_X=True, fit_intercept=True, n_jobs=-1, normalize=False), feature_name=None, fit_kwargs=None, groups=None, label=False, plot=residuals, plot_kwargs=None, save=False, scale=1, system=True)
2023-02-22 18:11:11,850:INFO:Checking exceptions
2023-02-22 18:11:11,850:INFO:Preparing display monitor
2023-02-22 18:11:11,858:INFO:Preloading libraries
2023-02-22 18:11:11,860:INFO:Copying training dataset
2023-02-22 18:11:11,860:INFO:Copying test dataset
2023-02-22 18:11:11,861:INFO:Plot type: residuals
2023-02-22 18:11:12,214:INFO:Fitting Model
2023-02-22 18:11:12,334:INFO:Scoring test/hold-out set
2023-02-22 18:11:13,641:INFO:Visual Rendered Successfully
2023-02-22 18:11:13,780:INFO:plot_model() succesfully completed......................................
2023-02-22 18:11:16,530:INFO:PyCaret Supervised Module
2023-02-22 18:11:16,531:INFO:ML Usecase: regression
2023-02-22 18:11:16,531:INFO:version 2.3.10
2023-02-22 18:11:16,531:INFO:Initializing setup()
2023-02-22 18:11:16,531:INFO:setup(target=charges, ml_usecase=regression, available_plots={'parameter': 'Hyperparameters', 'residuals': 'Residuals', 'error': 'Prediction Error', 'cooks': 'Cooks Distance', 'rfe': 'Feature Selection', 'learning': 'Learning Curve', 'manifold': 'Manifold Learning', 'vc': 'Validation Curve', 'feature': 'Feature Importance', 'feature_all': 'Feature Importance (All)', 'tree': 'Decision Tree', 'residuals_interactive': 'Interactive Residuals'}, train_size=0.7, test_data=None, preprocess=True, imputation_type=simple, iterative_imputation_iters=5, categorical_features=None, categorical_imputation=constant, categorical_iterative_imputer=lightgbm, ordinal_features=None, high_cardinality_features=None, high_cardinality_method=frequency, numeric_features=None, numeric_imputation=mean, numeric_iterative_imputer=lightgbm, date_features=None, ignore_features=None, normalize=True, normalize_method=zscore, transformation=False, transformation_method=yeo-johnson, handle_unknown_categorical=True, unknown_categorical_method=least_frequent, pca=False, pca_method=linear, pca_components=None, ignore_low_variance=False, combine_rare_levels=False, rare_level_threshold=0.1, bin_numeric_features=['age', 'bmi'], remove_outliers=False, outliers_threshold=0.05, remove_multicollinearity=False, multicollinearity_threshold=0.9, remove_perfect_collinearity=True, create_clusters=False, cluster_iter=20, polynomial_features=True, polynomial_degree=2, trigonometry_features=True, polynomial_threshold=0.1, group_features=None, group_names=None, feature_selection=False, feature_selection_threshold=0.8, feature_selection_method=classic, feature_interaction=True, feature_ratio=False, interaction_threshold=0.01, fix_imbalance=False, fix_imbalance_method=None, transform_target=False, transform_target_method=box-cox, data_split_shuffle=True, data_split_stratify=False, fold_strategy=kfold, fold=10, fold_shuffle=False, fold_groups=None, n_jobs=-1, use_gpu=False, custom_pipeline=None, html=True, session_id=123, log_experiment=False, experiment_name=None, experiment_custom_tags=None, log_plots=False, log_profile=False, log_data=False, silent=False, verbose=True, profile=False, profile_kwargs=None, display=None)
2023-02-22 18:11:16,532:INFO:Checking environment
2023-02-22 18:11:16,532:INFO:python_version: 3.7.12
2023-02-22 18:11:16,532:INFO:python_build: ('default', 'Oct 26 2021 06:08:21')
2023-02-22 18:11:16,532:INFO:machine: x86_64
2023-02-22 18:11:16,532:INFO:platform: Linux-4.19.0-23-cloud-amd64-x86_64-with-debian-bullseye-sid
2023-02-22 18:11:16,533:INFO:Memory: svmem(total=15763988480, available=13770629120, percent=12.6, used=1676357632, free=12649246720, active=2049503232, inactive=769077248, buffers=109649920, cached=1328734208, shared=9232384, slab=171843584)
2023-02-22 18:11:16,534:INFO:Physical Core: 2
2023-02-22 18:11:16,535:INFO:Logical Core: 4
2023-02-22 18:11:16,535:INFO:Checking libraries
2023-02-22 18:11:16,535:INFO:pd==1.3.5
2023-02-22 18:11:16,535:INFO:numpy==1.19.5
2023-02-22 18:11:16,535:INFO:sklearn==0.23.2
2023-02-22 18:11:16,535:INFO:lightgbm==3.3.5
2023-02-22 18:11:16,536:WARNING:catboost not found
2023-02-22 18:11:16,536:WARNING:xgboost not found
2023-02-22 18:11:16,537:INFO:mlflow==1.30.0
2023-02-22 18:11:16,537:INFO:Checking Exceptions
2023-02-22 18:11:16,537:INFO:Declaring global variables
2023-02-22 18:11:16,538:INFO:USI: 46f8
2023-02-22 18:11:16,538:INFO:pycaret_globals: {'USI', 'imputation_classifier', '_ml_usecase', 'y', 'dashboard_logger', '_internal_pipeline', '_all_models_internal', 'experiment__', 'master_model_container', 'exp_name_log', 'iterative_imputation_iters_param', '_gpu_n_jobs_param', 'fold_generator', 'fold_param', 'imputation_regressor', 'transform_target_param', '_all_metrics', 'fix_imbalance_param', 'X_test', 'html_param', 'gpu_param', 'logging_param', '_all_models', 'X_train', '_available_plots', 'y_test', 'display_container', 'prep_pipe', 'fold_groups_param', 'seed', 'log_plots_param', 'data_before_preprocess', 'create_model_container', 'fix_imbalance_method_param', 'pycaret_globals', 'fold_shuffle_param', 'n_jobs_param', 'transform_target_method_param', 'X', 'fold_groups_param_full', 'target_param', 'stratify_param', 'y_train'}
2023-02-22 18:11:16,538:INFO:Preparing display monitor
2023-02-22 18:11:16,538:INFO:Preparing display monitor
2023-02-22 18:11:16,554:INFO:Importing libraries
2023-02-22 18:11:16,555:INFO:Copying data for preprocessing
2023-02-22 18:11:16,567:INFO:Declaring preprocessing parameters
2023-02-22 18:11:16,570:INFO:Creating preprocessing pipeline
2023-02-22 18:11:16,576:INFO:Preprocessing pipeline created successfully
2023-02-22 18:11:16,577:ERROR:(Process Exit): setup has been interupted with user command 'quit'. setup must rerun.
2023-02-22 18:11:16,577:INFO:Creating global containers
2023-02-22 18:11:16,577:INFO:Internal pipeline: Pipeline(memory=None, steps=[('empty_step', 'passthrough')], verbose=False)
2023-02-22 18:11:19,891:WARNING:Couldn't import xgboost.XGBRegressor
2023-02-22 18:11:19,892:WARNING:Couldn't import catboost.CatBoostRegressor
2023-02-22 18:11:20,014:WARNING:Couldn't import xgboost.XGBRegressor
2023-02-22 18:11:20,015:WARNING:Couldn't import catboost.CatBoostRegressor
2023-02-22 18:11:20,016:INFO:Creating grid variables
2023-02-22 18:11:20,033:INFO:create_model_container: 0
2023-02-22 18:11:20,033:INFO:master_model_container: 0
2023-02-22 18:11:20,034:INFO:display_container: 1
2023-02-22 18:11:20,042:INFO:Pipeline(memory=None,
         steps=[('dtypes',
                 DataTypes_Auto_infer(categorical_features=[],
                                      display_types=True, features_todrop=[],
                                      id_columns=[], ml_usecase='regression',
                                      numerical_features=[], target='charges',
                                      time_features=[])),
                ('imputer',
                 Simple_Imputer(categorical_strategy='not_available',
                                fill_value_categorical=None,
                                fill_value_numerical=None,
                                numeric_strategy...
                ('dummy', Dummify(target='charges')),
                ('fix_perfect', Remove_100(target='charges')),
                ('clean_names', Clean_Colum_Names()),
                ('feature_select', 'passthrough'), ('fix_multi', 'passthrough'),
                ('dfs',
                 DFS_Classic(interactions=['multiply'], ml_usecase='regression',
                             n_jobs=-1, random_state=123, subclass='binary',
                             target='charges',
                             top_features_to_pick_percentage=None)),
                ('pca', 'passthrough')],
         verbose=False)
2023-02-22 18:11:20,042:INFO:setup() succesfully completed......................................
2023-02-22 18:12:36,096:INFO:Initializing create_model()
2023-02-22 18:12:36,097:INFO:create_model(estimator=lr, fold=None, round=4, cross_validation=True, predict=True, fit_kwargs=None, groups=None, refit=True, verbose=True, system=True, metrics=None, experiment_custom_tags=None, add_to_model_list=True, probability_threshold=None, display=None, return_train_score=False, kwargs={})
2023-02-22 18:12:36,097:INFO:Checking exceptions
2023-02-22 18:12:36,097:INFO:Preparing display monitor
2023-02-22 18:12:36,123:INFO:Importing libraries
2023-02-22 18:12:36,138:INFO:Copying training dataset
2023-02-22 18:12:36,139:INFO:Defining folds
2023-02-22 18:12:36,140:INFO:Declaring metric variables
2023-02-22 18:12:36,154:INFO:Importing untrained model
2023-02-22 18:12:36,169:INFO:Linear Regression Imported succesfully
2023-02-22 18:12:36,198:INFO:Starting cross validation
2023-02-22 18:12:36,199:INFO:Cross validating with KFold(n_splits=10, random_state=None, shuffle=False), n_jobs=-1
2023-02-22 18:12:36,315:INFO:Calculating mean and std
2023-02-22 18:12:36,316:INFO:Creating metrics dataframe
2023-02-22 18:12:36,335:INFO:Finalizing model
2023-02-22 18:12:36,351:INFO:Uploading results into container
2023-02-22 18:12:36,352:INFO:Uploading model into container now
2023-02-22 18:12:36,374:INFO:create_model_container: 1
2023-02-22 18:12:36,374:INFO:master_model_container: 1
2023-02-22 18:12:36,375:INFO:display_container: 2
2023-02-22 18:12:36,375:INFO:LinearRegression(copy_X=True, fit_intercept=True, n_jobs=-1, normalize=False)
2023-02-22 18:12:36,375:INFO:create_model() succesfully completed......................................
2023-02-22 18:12:37,819:INFO:Initializing plot_model()
2023-02-22 18:12:37,820:INFO:plot_model(fold=None, use_train_data=False, verbose=True, is_in_evaluate=False, display=None, display_format=None, estimator=LinearRegression(copy_X=True, fit_intercept=True, n_jobs=-1, normalize=False), feature_name=None, fit_kwargs=None, groups=None, label=False, plot=residuals, plot_kwargs=None, save=False, scale=1, system=True)
2023-02-22 18:12:37,820:INFO:Checking exceptions
2023-02-22 18:12:37,820:INFO:Preparing display monitor
2023-02-22 18:12:37,829:INFO:Preloading libraries
2023-02-22 18:12:37,831:INFO:Copying training dataset
2023-02-22 18:12:37,832:INFO:Copying test dataset
2023-02-22 18:12:37,833:INFO:Plot type: residuals
2023-02-22 18:12:37,925:INFO:Fitting Model
2023-02-22 18:12:37,984:INFO:Scoring test/hold-out set
2023-02-22 18:12:38,604:INFO:Visual Rendered Successfully
2023-02-22 18:12:38,734:INFO:plot_model() succesfully completed......................................
2023-02-22 18:12:43,490:INFO:Initializing save_model()
2023-02-22 18:12:43,490:INFO:save_model(model=LinearRegression(copy_X=True, fit_intercept=True, n_jobs=-1, normalize=False), model_name=deployment_22022023, prep_pipe_=Pipeline(memory=None,
         steps=[('dtypes',
                 DataTypes_Auto_infer(categorical_features=[],
                                      display_types=True, features_todrop=[],
                                      id_columns=[], ml_usecase='regression',
                                      numerical_features=[], target='charges',
                                      time_features=[])),
                ('imputer',
                 Simple_Imputer(categorical_strategy='not_available',
                                fill_value_categorical=None,
                                fill_value_numerical=None,
                                numeric_strategy...
                ('dummy', Dummify(target='charges')),
                ('fix_perfect', Remove_100(target='charges')),
                ('clean_names', Clean_Colum_Names()),
                ('feature_select', 'passthrough'), ('fix_multi', 'passthrough'),
                ('dfs',
                 DFS_Classic(interactions=['multiply'], ml_usecase='regression',
                             n_jobs=-1, random_state=123, subclass='binary',
                             target='charges',
                             top_features_to_pick_percentage=None)),
                ('pca', 'passthrough')],
         verbose=False), verbose=True, kwargs={})
2023-02-22 18:12:43,490:INFO:Adding model into prep_pipe
2023-02-22 18:12:43,538:INFO:deployment_22022023.pkl saved in current working directory
2023-02-22 18:12:43,547:INFO:Pipeline(memory=None,
         steps=[('dtypes',
                 DataTypes_Auto_infer(categorical_features=[],
                                      display_types=True, features_todrop=[],
                                      id_columns=[], ml_usecase='regression',
                                      numerical_features=[], target='charges',
                                      time_features=[])),
                ('imputer',
                 Simple_Imputer(categorical_strategy='not_available',
                                fill_value_categorical=None,
                                fill_value_numerical=None,
                                numeric_strategy...
                ('feature_select', 'passthrough'), ('fix_multi', 'passthrough'),
                ('dfs',
                 DFS_Classic(interactions=['multiply'], ml_usecase='regression',
                             n_jobs=-1, random_state=123, subclass='binary',
                             target='charges',
                             top_features_to_pick_percentage=None)),
                ('pca', 'passthrough'),
                ['trained_model',
                 LinearRegression(copy_X=True, fit_intercept=True, n_jobs=-1,
                                  normalize=False)]],
         verbose=False)
2023-02-22 18:12:43,547:INFO:save_model() successfully completed......................................
2023-02-22 18:12:49,614:INFO:Initializing load_model()
2023-02-22 18:12:49,615:INFO:load_model(model_name=deployment_22022023, platform=None, authentication=None, verbose=True)
